array (
  'id' => '16',
  'uid' => '7',
  'uniacid' => '2',
  'openid' => 'o4yfn5iL6NlebnTA5Q03zoyeCv-0',
  'activityid' => '19',
  'buynum' => '1',
  'orderno' => 'WN20230308225810750208',
  'price' => '12.00',
  'aprice' => '12.00',
  'freight' => '',
  'vipdeduct' => '0.00',
  'paytime' => '2023-03-08 22:58:23',
  'uniontid' => '2023030822581000001367726214',
  'transid' => '4200001780202303087761504244',
  'remark' => '',
  'payprice' => '12.00',
  'paytype' => 'wechat',
  'nickname' => '从未止步',
  'realname' => '刘忠炜',
  'mobile' => '18835636884',
  'gender' => '保密',
  'pic' => '',
  'headimgurl' => 'https://thirdwx.qlogo.cn/mmopen/vi_32/Q0j4TwGTfTJSdKNnvw3qibPibjt9XExcBeePW0faH43jibSXt6nQaLhtwOEjNehlcPRw0fLZlQ5WZnCPo0o18zf3A/132',
  'msg' => '',
  'jointime' => '2023-03-08 22:58:10',
  'status' => '1',
  'ishexiao' => '0',
  'hexiaoma' => '46660115',
  'sendtime' => NULL,
  'veropenid' => '',
  'specs' => '',
  'specitems' => '',
  'operation' => '',
  'optionid' => '31',
  'optionname' => '士大夫',
  'review' => '1',
  'signin' => '0',
  'merchantid' => '0',
  'storeid' => '0',
  'marketing' => 
  array (
    'market_price' => '0.00',
  ),
  'usernum' => '0',
  'refundtime' => '0',
  'seats' => '',
  'time' => '2023-03-08 23:00:42',
)
array (
  'id' => '15',
  'uid' => '13',
  'uniacid' => '2',
  'openid' => 'o4yfn5kZPgZ2PH8teojhujhRFHz8',
  'activityid' => '19',
  'buynum' => '1',
  'orderno' => 'WN20230308225748807791',
  'price' => '12.00',
  'aprice' => '12.00',
  'freight' => '',
  'vipdeduct' => '0.00',
  'paytime' => '2023-03-08 22:58:34',
  'uniontid' => '2023030822574800001342621932',
  'transid' => '4200001777202303089763295427',
  'remark' => '',
  'payprice' => '12.00',
  'paytype' => 'wechat',
  'nickname' => '不是每个人都叫@王泽康',
  'realname' => '王泽康',
  'mobile' => '18943017169',
  'gender' => '保密',
  'pic' => '',
  'headimgurl' => 'https://thirdwx.qlogo.cn/mmopen/vi_32/JniawibicNQtia9C67Pom5DkrfdO0PyuwD2uAQbdv4WL11zuM38kndmv0abXvlkUSkRKX5FtwI0yw1UBZKKTSpC2YQ/132',
  'msg' => '',
  'jointime' => '2023-03-08 22:57:48',
  'status' => '1',
  'ishexiao' => '0',
  'hexiaoma' => '80723267',
  'sendtime' => NULL,
  'veropenid' => '',
  'specs' => '',
  'specitems' => '',
  'operation' => '',
  'optionid' => '31',
  'optionname' => '士大夫',
  'review' => '1',
  'signin' => '0',
  'merchantid' => '0',
  'storeid' => '0',
  'marketing' => 
  array (
    'market_price' => '0.00',
  ),
  'usernum' => '0',
  'refundtime' => '0',
  'seats' => '',
  'time' => '2023-03-08 23:00:49',
)
array (
  'id' => '22',
  'uid' => '27',
  'uniacid' => '2',
  'openid' => 'o4yfn5gtJ1IYOdKiET7KGT4-bA6s',
  'activityid' => '23',
  'buynum' => '2',
  'orderno' => 'WN20230312165102272554',
  'price' => '18.00',
  'aprice' => '10.00',
  'freight' => '',
  'vipdeduct' => '0.00',
  'paytime' => '2023-03-12 16:51:30',
  'uniontid' => '2023031216510300001348486000',
  'transid' => '4200001770202303122743498364',
  'remark' => '',
  'payprice' => '18.00',
  'paytype' => 'wechat',
  'nickname' => 'Jay',
  'realname' => '王冬',
  'mobile' => '13834690154',
  'gender' => '保密',
  'pic' => '',
  'headimgurl' => 'https://hdh.sxwelink.com/attachment/images/2/2023/03/UKBkBvKSv8NbeKjjUijNAUAsS8e8Sb.png',
  'msg' => '',
  'jointime' => '2023-03-12 16:51:02',
  'status' => '3',
  'ishexiao' => '1',
  'hexiaoma' => '17437729',
  'sendtime' => '2023-03-12 16:55:17',
  'veropenid' => 'o4yfn5sooCUGgpSBsligOpK8sVos',
  'specs' => '',
  'specitems' => '',
  'operation' => '',
  'optionid' => '44',
  'optionname' => '逗票',
  'review' => '1',
  'signin' => '0',
  'merchantid' => '0',
  'storeid' => '3',
  'marketing' => 
  array (
    'market_price' => '2.00',
  ),
  'usernum' => '0',
  'refundtime' => '0',
  'seats' => '2排10座,2排11座',
  'time' => '2023-03-12 17:00:25',
)
array (
  'id' => '23',
  'uid' => '27',
  'uniacid' => '2',
  'openid' => 'o4yfn5gtJ1IYOdKiET7KGT4-bA6s',
  'activityid' => '23',
  'buynum' => '2',
  'orderno' => 'WN20230312170117390919',
  'price' => '18.00',
  'aprice' => '10.00',
  'freight' => '',
  'vipdeduct' => '0.00',
  'paytime' => '2023-03-12 17:02:49',
  'uniontid' => '2023031217011800001366558409',
  'transid' => '4200001779202303126510967931',
  'remark' => '',
  'payprice' => '18.00',
  'paytype' => 'wechat',
  'nickname' => 'Jay',
  'realname' => '王冬',
  'mobile' => '13834690154',
  'gender' => '保密',
  'pic' => '',
  'headimgurl' => 'https://hdh.sxwelink.com/attachment/images/2/2023/03/UKBkBvKSv8NbeKjjUijNAUAsS8e8Sb.png',
  'msg' => '',
  'jointime' => '2023-03-12 17:01:17',
  'status' => '1',
  'ishexiao' => '0',
  'hexiaoma' => '54785584',
  'sendtime' => NULL,
  'veropenid' => '',
  'specs' => '',
  'specitems' => '',
  'operation' => '',
  'optionid' => '44',
  'optionname' => '逗票',
  'review' => '1',
  'signin' => '0',
  'merchantid' => '0',
  'storeid' => '0',
  'marketing' => 
  array (
    'market_price' => '2.00',
  ),
  'usernum' => '0',
  'refundtime' => '0',
  'seats' => '2排9座,2排10座',
  'time' => '2023-03-12 17:03:34',
)
